Using pre-set license
Built from '2021.1/staging' branch; Version is '2021.1.7f1 (d91830b65d9b) revision 14227504'; Using compiler version '192528614'; Build Type 'Release'
OS: 'Windows 10 Home Single Language; OS build 19042.1348; Version 2009; 64bit' Language: 'en' Physical Memory: 16205 MB
BatchMode: 1, IsHumanControllingUs: 0, StartBugReporterOnCrash: 0, Is64bit: 1, IsPro: 0

 COMMAND LINE ARGUMENTS:
C:\Program Files\Unity\Hub\Editor\2021.1.7f1\Editor\Unity.exe
-adb2
-batchMode
-noUpm
-name
AssetImportWorker0
-projectPath
C:/Users/koush/OneDrive/Desktop/onlinestoge/runing_game/RunningGame
-logFile
Logs/AssetImportWorker0.log
-srvPort
62792
Successfully changed project path to: C:/Users/koush/OneDrive/Desktop/onlinestoge/runing_game/RunningGame
C:/Users/koush/OneDrive/Desktop/onlinestoge/runing_game/RunningGame
Using Asset Import Pipeline V2.
Refreshing native plugins compatible for Editor in 126.43 ms, found 3 plugins.
Preloading 0 native plugins for Editor in 0.00 ms.
Initialize engine version: 2021.1.7f1 (d91830b65d9b)
[Subsystems] Discovering subsystems at path C:/Program Files/Unity/Hub/Editor/2021.1.7f1/Editor/Data/Resources/UnitySubsystems
[Subsystems] Discovering subsystems at path C:/Users/koush/OneDrive/Desktop/onlinestoge/runing_game/RunningGame/Assets
GfxDevice: creating device client; threaded=0; jobified=0
Direct3D:
    Version:  Direct3D 11.0 [level 11.1]
    Renderer: NVIDIA GeForce RTX 3060 Laptop GPU (ID=0x2520)
    Vendor:   NVIDIA
    VRAM:     6023 MB
    Driver:   27.21.14.6589
Initialize mono
Mono path[0] = 'C:/Program Files/Unity/Hub/Editor/2021.1.7f1/Editor/Data/Managed'
Mono path[1] = 'C:/Program Files/Unity/Hub/Editor/2021.1.7f1/Editor/Data/MonoBleedingEdge/lib/mono/unityjit'
Mono config path = 'C:/Program Files/Unity/Hub/Editor/2021.1.7f1/Editor/Data/MonoBleedingEdge/etc'
Using monoOptions --debugger-agent=transport=dt_socket,embedding=1,server=y,suspend=n,address=127.0.0.1:56392
Begin MonoManager ReloadAssembly
Registering precompiled unity dll's ...
Register platform support module: C:/Program Files/Unity/Hub/Editor/2021.1.7f1/Editor/Data/PlaybackEngines/WindowsStandaloneSupport/UnityEditor.WindowsStandalone.Extensions.dll
Registered in 0.002179 seconds.
Native extension for WindowsStandalone target not found
Refreshing native plugins compatible for Editor in 89.96 ms, found 3 plugins.
Preloading 0 native plugins for Editor in 0.00 ms.
Mono: successfully reloaded assembly
- Completed reload, in  1.577 seconds
Platform modules already initialized, skipping
Registering precompiled user dll's ...
Registered in 0.006894 seconds.
Begin MonoManager ReloadAssembly
Symbol file LoadedFromMemory doesn't match image C:\Users\koush\OneDrive\Desktop\onlinestoge\runing_game\RunningGame\Library\PackageCache\com.unity.visualscripting@1.6.1\Editor\VisualScripting.Core\Dependencies\YamlDotNet\Unity.VisualScripting.YamlDotNet.dll
Symbol file LoadedFromMemory doesn't match image C:\Users\koush\OneDrive\Desktop\onlinestoge\runing_game\RunningGame\Library\PackageCache\com.unity.visualscripting@1.6.1\Editor\VisualScripting.Core\Dependencies\DotNetZip\Unity.VisualScripting.IonicZip.dll
Native extension for WindowsStandalone target not found
Refreshing native plugins compatible for Editor in 0.79 ms, found 3 plugins.
Preloading 0 native plugins for Editor in 0.00 ms.
Mono: successfully reloaded assembly
- Completed reload, in  1.015 seconds
Platform modules already initialized, skipping
========================================================================
Worker process is ready to serve import requests
Launched and connected shader compiler UnityShaderCompiler.exe after 0.04 seconds
Refreshing native plugins compatible for Editor in 0.80 ms, found 3 plugins.
Preloading 0 native plugins for Editor in 0.00 ms.
Unloading 3380 Unused Serialized files (Serialized files now loaded: 0)
System memory in use before: 133.8 MB.
System memory in use after: 134.0 MB.

Unloading 47 unused Assets to reduce memory usage. Loaded Objects now: 3802.
Total: 2.471600 ms (FindLiveObjects: 0.213400 ms CreateObjectMapping: 0.143900 ms MarkObjects: 2.055900 ms  DeleteObjects: 0.057700 ms)

========================================================================
Received Import Request.
  path: Assets/Prefab/pinLocation.prefab
  artifactKey: Guid(2638a290f6880ab4887502aa5d98e078) Importer(815301076,1909f56bfc062723c751e8b465ee728b)
Start importing Assets/Prefab/pinLocation.prefab using Guid(2638a290f6880ab4887502aa5d98e078) Importer(815301076,1909f56bfc062723c751e8b465ee728b)  -> (artifact id: 'ef40a09dcfc40e9bef98eb37d1097472') in 0.047898 seconds 
========================================================================
Received Import Request.
  Time since last request: 0.000385 seconds.
  path: Assets/Prefab/GameObject 2.prefab
  artifactKey: Guid(ce6a5a1b1b2e6fb48a31d64f95115b46) Importer(815301076,1909f56bfc062723c751e8b465ee728b)
Start importing Assets/Prefab/GameObject 2.prefab using Guid(ce6a5a1b1b2e6fb48a31d64f95115b46) Importer(815301076,1909f56bfc062723c751e8b465ee728b)  -> (artifact id: '469cbe189fe37776eed8873429058505') in 0.115342 seconds 
========================================================================
Received Import Request.
  Time since last request: 78.067917 seconds.
  path: Assets/Content/Level/Lvl-1 2.asset
  artifactKey: Guid(80f8a75928e637243b4c59a4023653d6) Importer(815301076,1909f56bfc062723c751e8b465ee728b)
Start importing Assets/Content/Level/Lvl-1 2.asset using Guid(80f8a75928e637243b4c59a4023653d6) Importer(815301076,1909f56bfc062723c751e8b465ee728b)  -> (artifact id: 'a26503f73a9dc0eaf12d78187b8f7d39') in 0.016725 seconds 
========================================================================
Received Import Request.
  Time since last request: 0.000419 seconds.
  path: Assets/Content/Level/Lvl-1 4.asset
  artifactKey: Guid(5237bbebb81772844a930dd78341e220) Importer(815301076,1909f56bfc062723c751e8b465ee728b)
Start importing Assets/Content/Level/Lvl-1 4.asset using Guid(5237bbebb81772844a930dd78341e220) Importer(815301076,1909f56bfc062723c751e8b465ee728b)  -> (artifact id: '811de2f3181ebc758d8cba355d1ec657') in 0.014949 seconds 
========================================================================
Received Import Request.
  Time since last request: 0.000302 seconds.
  path: Assets/Content/Level/Lvl-1 3.asset
  artifactKey: Guid(4ec3efd97a98e9b409cd612d85366740) Importer(815301076,1909f56bfc062723c751e8b465ee728b)
Start importing Assets/Content/Level/Lvl-1 3.asset using Guid(4ec3efd97a98e9b409cd612d85366740) Importer(815301076,1909f56bfc062723c751e8b465ee728b)  -> (artifact id: '4a38904456170cda9a52c38978ba3a6d') in 0.010849 seconds 
========================================================================
Received Prepare
Registering precompiled user dll's ...
Registered in 0.007753 seconds.
Begin MonoManager ReloadAssembly
Symbol file LoadedFromMemory doesn't match image C:\Users\koush\OneDrive\Desktop\onlinestoge\runing_game\RunningGame\Library\PackageCache\com.unity.visualscripting@1.6.1\Editor\VisualScripting.Core\Dependencies\YamlDotNet\Unity.VisualScripting.YamlDotNet.dll
Symbol file LoadedFromMemory doesn't match image C:\Users\koush\OneDrive\Desktop\onlinestoge\runing_game\RunningGame\Library\PackageCache\com.unity.visualscripting@1.6.1\Editor\VisualScripting.Core\Dependencies\DotNetZip\Unity.VisualScripting.IonicZip.dll
Native extension for WindowsStandalone target not found
Refreshing native plugins compatible for Editor in 0.79 ms, found 3 plugins.
Preloading 0 native plugins for Editor in 0.00 ms.
Mono: successfully reloaded assembly
- Completed reload, in  1.138 seconds
Platform modules already initialized, skipping
Switching build target platform(19) subTarget(0) extendedPlatform(0) -> platform(13) subTarget(537395200) extendedPlatform(0)
Refreshing native plugins compatible for Editor in 0.83 ms, found 3 plugins.
Preloading 0 native plugins for Editor in 0.00 ms.
Unloading 3339 Unused Serialized files (Serialized files now loaded: 0)
System memory in use before: 147.6 MB.
System memory in use after: 147.8 MB.

Unloading 42 unused Assets to reduce memory usage. Loaded Objects now: 3814.
Total: 2.518600 ms (FindLiveObjects: 0.227500 ms CreateObjectMapping: 0.135700 ms MarkObjects: 2.110500 ms  DeleteObjects: 0.043900 ms)

AssetImportParameters requested are different than current active one (requested -> active):
  custom:graphics/normal-map-encoding: 01000000000000000000000000000000 -> 02000000000000000000000000000000
========================================================================
Received Prepare
Registering precompiled user dll's ...
Registered in 0.007785 seconds.
Begin MonoManager ReloadAssembly
Symbol file LoadedFromMemory doesn't match image C:\Users\koush\OneDrive\Desktop\onlinestoge\runing_game\RunningGame\Library\PackageCache\com.unity.visualscripting@1.6.1\Editor\VisualScripting.Core\Dependencies\YamlDotNet\Unity.VisualScripting.YamlDotNet.dll
Symbol file LoadedFromMemory doesn't match image C:\Users\koush\OneDrive\Desktop\onlinestoge\runing_game\RunningGame\Library\PackageCache\com.unity.visualscripting@1.6.1\Editor\VisualScripting.Core\Dependencies\DotNetZip\Unity.VisualScripting.IonicZip.dll
Native extension for WindowsStandalone target not found
Refreshing native plugins compatible for Editor in 1.44 ms, found 3 plugins.
Preloading 0 native plugins for Editor in 0.00 ms.
Mono: successfully reloaded assembly
- Completed reload, in  1.177 seconds
Platform modules already initialized, skipping
Switching build target platform(19) subTarget(0) extendedPlatform(0) -> platform(13) subTarget(537395200) extendedPlatform(0)
Refreshing native plugins compatible for Editor in 0.79 ms, found 3 plugins.
Preloading 0 native plugins for Editor in 0.00 ms.
Unloading 3339 Unused Serialized files (Serialized files now loaded: 0)
System memory in use before: 147.7 MB.
System memory in use after: 147.9 MB.

Unloading 42 unused Assets to reduce memory usage. Loaded Objects now: 3816.
Total: 2.466100 ms (FindLiveObjects: 0.227300 ms CreateObjectMapping: 0.137500 ms MarkObjects: 2.058700 ms  DeleteObjects: 0.042000 ms)

AssetImportParameters requested are different than current active one (requested -> active):
  custom:graphics/normal-map-encoding: 01000000000000000000000000000000 -> 02000000000000000000000000000000
========================================================================
Received Prepare
Registering precompiled user dll's ...
Registered in 0.007122 seconds.
Begin MonoManager ReloadAssembly
Symbol file LoadedFromMemory doesn't match image C:\Users\koush\OneDrive\Desktop\onlinestoge\runing_game\RunningGame\Library\PackageCache\com.unity.visualscripting@1.6.1\Editor\VisualScripting.Core\Dependencies\YamlDotNet\Unity.VisualScripting.YamlDotNet.dll
Symbol file LoadedFromMemory doesn't match image C:\Users\koush\OneDrive\Desktop\onlinestoge\runing_game\RunningGame\Library\PackageCache\com.unity.visualscripting@1.6.1\Editor\VisualScripting.Core\Dependencies\DotNetZip\Unity.VisualScripting.IonicZip.dll
Native extension for WindowsStandalone target not found
Refreshing native plugins compatible for Editor in 1.28 ms, found 3 plugins.
Preloading 0 native plugins for Editor in 0.00 ms.
Mono: successfully reloaded assembly
- Completed reload, in  1.160 seconds
Platform modules already initialized, skipping
Switching build target platform(19) subTarget(0) extendedPlatform(0) -> platform(13) subTarget(537395200) extendedPlatform(0)
Refreshing native plugins compatible for Editor in 0.86 ms, found 3 plugins.
Preloading 0 native plugins for Editor in 0.00 ms.
Unloading 3339 Unused Serialized files (Serialized files now loaded: 0)
System memory in use before: 147.7 MB.
System memory in use after: 147.9 MB.

Unloading 42 unused Assets to reduce memory usage. Loaded Objects now: 3818.
Total: 2.747700 ms (FindLiveObjects: 0.262700 ms CreateObjectMapping: 0.162500 ms MarkObjects: 2.270000 ms  DeleteObjects: 0.051700 ms)

AssetImportParameters requested are different than current active one (requested -> active):
  custom:graphics/normal-map-encoding: 01000000000000000000000000000000 -> 02000000000000000000000000000000
========================================================================
Received Prepare
Registering precompiled user dll's ...
Registered in 0.007327 seconds.
Begin MonoManager ReloadAssembly
Symbol file LoadedFromMemory doesn't match image C:\Users\koush\OneDrive\Desktop\onlinestoge\runing_game\RunningGame\Library\PackageCache\com.unity.visualscripting@1.6.1\Editor\VisualScripting.Core\Dependencies\YamlDotNet\Unity.VisualScripting.YamlDotNet.dll
Symbol file LoadedFromMemory doesn't match image C:\Users\koush\OneDrive\Desktop\onlinestoge\runing_game\RunningGame\Library\PackageCache\com.unity.visualscripting@1.6.1\Editor\VisualScripting.Core\Dependencies\DotNetZip\Unity.VisualScripting.IonicZip.dll
Native extension for WindowsStandalone target not found
Refreshing native plugins compatible for Editor in 1.49 ms, found 3 plugins.
Preloading 0 native plugins for Editor in 0.00 ms.
Mono: successfully reloaded assembly
- Completed reload, in  1.164 seconds
Platform modules already initialized, skipping
Switching build target platform(19) subTarget(0) extendedPlatform(0) -> platform(13) subTarget(537395200) extendedPlatform(0)
Refreshing native plugins compatible for Editor in 0.85 ms, found 3 plugins.
Preloading 0 native plugins for Editor in 0.00 ms.
Unloading 3339 Unused Serialized files (Serialized files now loaded: 0)
System memory in use before: 147.7 MB.
System memory in use after: 147.9 MB.

Unloading 42 unused Assets to reduce memory usage. Loaded Objects now: 3820.
Total: 2.849000 ms (FindLiveObjects: 0.295700 ms CreateObjectMapping: 0.186300 ms MarkObjects: 2.315500 ms  DeleteObjects: 0.050800 ms)

AssetImportParameters requested are different than current active one (requested -> active):
  custom:graphics/normal-map-encoding: 01000000000000000000000000000000 -> 02000000000000000000000000000000
========================================================================
Received Prepare
Registering precompiled user dll's ...
Registered in 0.006889 seconds.
Begin MonoManager ReloadAssembly
Symbol file LoadedFromMemory doesn't match image C:\Users\koush\OneDrive\Desktop\onlinestoge\runing_game\RunningGame\Library\PackageCache\com.unity.visualscripting@1.6.1\Editor\VisualScripting.Core\Dependencies\YamlDotNet\Unity.VisualScripting.YamlDotNet.dll
Symbol file LoadedFromMemory doesn't match image C:\Users\koush\OneDrive\Desktop\onlinestoge\runing_game\RunningGame\Library\PackageCache\com.unity.visualscripting@1.6.1\Editor\VisualScripting.Core\Dependencies\DotNetZip\Unity.VisualScripting.IonicZip.dll
Native extension for WindowsStandalone target not found
Refreshing native plugins compatible for Editor in 0.97 ms, found 3 plugins.
Preloading 0 native plugins for Editor in 0.00 ms.
Mono: successfully reloaded assembly
- Completed reload, in  1.117 seconds
Platform modules already initialized, skipping
Switching build target platform(19) subTarget(0) extendedPlatform(0) -> platform(13) subTarget(537395200) extendedPlatform(0)
Refreshing native plugins compatible for Editor in 0.93 ms, found 3 plugins.
Preloading 0 native plugins for Editor in 0.00 ms.
Unloading 3339 Unused Serialized files (Serialized files now loaded: 0)
System memory in use before: 147.7 MB.
System memory in use after: 147.9 MB.

Unloading 42 unused Assets to reduce memory usage. Loaded Objects now: 3822.
Total: 2.828000 ms (FindLiveObjects: 0.278200 ms CreateObjectMapping: 0.174600 ms MarkObjects: 2.325100 ms  DeleteObjects: 0.049300 ms)

AssetImportParameters requested are different than current active one (requested -> active):
  custom:graphics/normal-map-encoding: 01000000000000000000000000000000 -> 02000000000000000000000000000000
========================================================================
Received Prepare
Registering precompiled user dll's ...
Registered in 0.006800 seconds.
Begin MonoManager ReloadAssembly
Symbol file LoadedFromMemory doesn't match image C:\Users\koush\OneDrive\Desktop\onlinestoge\runing_game\RunningGame\Library\PackageCache\com.unity.visualscripting@1.6.1\Editor\VisualScripting.Core\Dependencies\YamlDotNet\Unity.VisualScripting.YamlDotNet.dll
Symbol file LoadedFromMemory doesn't match image C:\Users\koush\OneDrive\Desktop\onlinestoge\runing_game\RunningGame\Library\PackageCache\com.unity.visualscripting@1.6.1\Editor\VisualScripting.Core\Dependencies\DotNetZip\Unity.VisualScripting.IonicZip.dll
Native extension for WindowsStandalone target not found
Refreshing native plugins compatible for Editor in 0.87 ms, found 3 plugins.
Preloading 0 native plugins for Editor in 0.00 ms.
Mono: successfully reloaded assembly
- Completed reload, in  1.069 seconds
Platform modules already initialized, skipping
Switching build target platform(19) subTarget(0) extendedPlatform(0) -> platform(13) subTarget(537395200) extendedPlatform(0)
Refreshing native plugins compatible for Editor in 0.89 ms, found 3 plugins.
Preloading 0 native plugins for Editor in 0.00 ms.
Unloading 3339 Unused Serialized files (Serialized files now loaded: 0)
System memory in use before: 147.7 MB.
System memory in use after: 147.9 MB.

Unloading 42 unused Assets to reduce memory usage. Loaded Objects now: 3824.
Total: 2.382500 ms (FindLiveObjects: 0.254300 ms CreateObjectMapping: 0.159600 ms MarkObjects: 1.917700 ms  DeleteObjects: 0.050200 ms)

AssetImportParameters requested are different than current active one (requested -> active):
  custom:graphics/normal-map-encoding: 01000000000000000000000000000000 -> 02000000000000000000000000000000
========================================================================
Received Prepare
Registering precompiled user dll's ...
Registered in 0.008073 seconds.
Begin MonoManager ReloadAssembly
Symbol file LoadedFromMemory doesn't match image C:\Users\koush\OneDrive\Desktop\onlinestoge\runing_game\RunningGame\Library\PackageCache\com.unity.visualscripting@1.6.1\Editor\VisualScripting.Core\Dependencies\YamlDotNet\Unity.VisualScripting.YamlDotNet.dll
Symbol file LoadedFromMemory doesn't match image C:\Users\koush\OneDrive\Desktop\onlinestoge\runing_game\RunningGame\Library\PackageCache\com.unity.visualscripting@1.6.1\Editor\VisualScripting.Core\Dependencies\DotNetZip\Unity.VisualScripting.IonicZip.dll
Native extension for WindowsStandalone target not found
Refreshing native plugins compatible for Editor in 0.86 ms, found 3 plugins.
Preloading 0 native plugins for Editor in 0.00 ms.
Mono: successfully reloaded assembly
- Completed reload, in  1.233 seconds
Platform modules already initialized, skipping
Switching build target platform(19) subTarget(0) extendedPlatform(0) -> platform(13) subTarget(537395200) extendedPlatform(0)
Refreshing native plugins compatible for Editor in 1.14 ms, found 3 plugins.
Preloading 0 native plugins for Editor in 0.00 ms.
Unloading 3339 Unused Serialized files (Serialized files now loaded: 0)
System memory in use before: 147.7 MB.
System memory in use after: 147.9 MB.

Unloading 42 unused Assets to reduce memory usage. Loaded Objects now: 3826.
Total: 3.438500 ms (FindLiveObjects: 0.314100 ms CreateObjectMapping: 0.221200 ms MarkObjects: 2.837000 ms  DeleteObjects: 0.064600 ms)

AssetImportParameters requested are different than current active one (requested -> active):
  custom:graphics/normal-map-encoding: 01000000000000000000000000000000 -> 02000000000000000000000000000000
========================================================================
Received Prepare
Refreshing native plugins compatible for Editor in 12.84 ms, found 3 plugins.
Preloading 0 native plugins for Editor in 0.00 ms.
Unloading 40 Unused Serialized files (Serialized files now loaded: 0)
System memory in use before: 82.9 MB.
System memory in use after: 83.1 MB.

Unloading 40 unused Assets to reduce memory usage. Loaded Objects now: 3826.
Total: 2.806100 ms (FindLiveObjects: 0.264800 ms CreateObjectMapping: 0.179700 ms MarkObjects: 2.320000 ms  DeleteObjects: 0.040900 ms)

========================================================================
Received Import Request.
  Time since last request: 1593.347806 seconds.
  path: Assets/Prefab/GameObject 2.prefab
  artifactKey: Guid(ce6a5a1b1b2e6fb48a31d64f95115b46) Importer(815301076,1909f56bfc062723c751e8b465ee728b)
Start importing Assets/Prefab/GameObject 2.prefab using Guid(ce6a5a1b1b2e6fb48a31d64f95115b46) Importer(815301076,1909f56bfc062723c751e8b465ee728b)  -> (artifact id: 'ee735b7c7502538e019ff647e5995e7d') in 0.110756 seconds 
========================================================================
Received Prepare
Registering precompiled user dll's ...
Registered in 0.007652 seconds.
Begin MonoManager ReloadAssembly
Symbol file LoadedFromMemory doesn't match image C:\Users\koush\OneDrive\Desktop\onlinestoge\runing_game\RunningGame\Library\PackageCache\com.unity.visualscripting@1.6.1\Editor\VisualScripting.Core\Dependencies\YamlDotNet\Unity.VisualScripting.YamlDotNet.dll
Symbol file LoadedFromMemory doesn't match image C:\Users\koush\OneDrive\Desktop\onlinestoge\runing_game\RunningGame\Library\PackageCache\com.unity.visualscripting@1.6.1\Editor\VisualScripting.Core\Dependencies\DotNetZip\Unity.VisualScripting.IonicZip.dll
Native extension for WindowsStandalone target not found
Refreshing native plugins compatible for Editor in 0.95 ms, found 3 plugins.
Preloading 0 native plugins for Editor in 0.00 ms.
Mono: successfully reloaded assembly
- Completed reload, in  1.240 seconds
Platform modules already initialized, skipping
Switching build target platform(19) subTarget(0) extendedPlatform(0) -> platform(13) subTarget(537395200) extendedPlatform(0)
Refreshing native plugins compatible for Editor in 1.09 ms, found 3 plugins.
Preloading 0 native plugins for Editor in 0.00 ms.
Unloading 3339 Unused Serialized files (Serialized files now loaded: 0)
System memory in use before: 147.8 MB.
System memory in use after: 148.0 MB.

Unloading 42 unused Assets to reduce memory usage. Loaded Objects now: 3829.
Total: 2.605000 ms (FindLiveObjects: 0.255600 ms CreateObjectMapping: 0.152600 ms MarkObjects: 2.148200 ms  DeleteObjects: 0.047700 ms)

AssetImportParameters requested are different than current active one (requested -> active):
  custom:graphics/normal-map-encoding: 01000000000000000000000000000000 -> 02000000000000000000000000000000
========================================================================
Received Prepare
Refreshing native plugins compatible for Editor in 12.07 ms, found 3 plugins.
Preloading 0 native plugins for Editor in 0.00 ms.
Unloading 40 Unused Serialized files (Serialized files now loaded: 0)
System memory in use before: 82.9 MB.
System memory in use after: 83.1 MB.

Unloading 40 unused Assets to reduce memory usage. Loaded Objects now: 3829.
Total: 2.841300 ms (FindLiveObjects: 0.291900 ms CreateObjectMapping: 0.174200 ms MarkObjects: 2.330600 ms  DeleteObjects: 0.043700 ms)

========================================================================
Received Import Request.
  Time since last request: 1699.847086 seconds.
  path: Assets/Content/Level/Lvl-1 2.asset
  artifactKey: Guid(80f8a75928e637243b4c59a4023653d6) Importer(815301076,1909f56bfc062723c751e8b465ee728b)
Start importing Assets/Content/Level/Lvl-1 2.asset using Guid(80f8a75928e637243b4c59a4023653d6) Importer(815301076,1909f56bfc062723c751e8b465ee728b)  -> (artifact id: 'b591430568083e01b672d237239575a6') in 0.026998 seconds 
========================================================================
Received Import Request.
  Time since last request: 0.000408 seconds.
  path: Assets/Content/Level/Lvl-1 4.asset
  artifactKey: Guid(5237bbebb81772844a930dd78341e220) Importer(815301076,1909f56bfc062723c751e8b465ee728b)
Start importing Assets/Content/Level/Lvl-1 4.asset using Guid(5237bbebb81772844a930dd78341e220) Importer(815301076,1909f56bfc062723c751e8b465ee728b)  -> (artifact id: '21e6c2ec9b5fe1d10fb950d563a525bc') in 0.013808 seconds 
========================================================================
Received Import Request.
  Time since last request: 0.000385 seconds.
  path: Assets/Content/Level/Lvl-1 3.asset
  artifactKey: Guid(4ec3efd97a98e9b409cd612d85366740) Importer(815301076,1909f56bfc062723c751e8b465ee728b)
Start importing Assets/Content/Level/Lvl-1 3.asset using Guid(4ec3efd97a98e9b409cd612d85366740) Importer(815301076,1909f56bfc062723c751e8b465ee728b)  -> (artifact id: '4fa3692f7afe95e4a0bfd2628c198cf3') in 0.022363 seconds 
========================================================================
Received Import Request.
  Time since last request: 41.922082 seconds.
  path: Assets/Image/Cycle paddel.png
  artifactKey: Guid(65aa4e5f4bc499b429fa4b747a2e1ebc) Importer(815301076,1909f56bfc062723c751e8b465ee728b)
Start importing Assets/Image/Cycle paddel.png using Guid(65aa4e5f4bc499b429fa4b747a2e1ebc) Importer(815301076,1909f56bfc062723c751e8b465ee728b)  -> (artifact id: '6651ec82a4117e83e27d8d3835afb66f') in 0.064755 seconds 
========================================================================
Received Import Request.
  Time since last request: 13.102661 seconds.
  path: Assets/Image/Cycle paddel.png
  artifactKey: Guid(65aa4e5f4bc499b429fa4b747a2e1ebc) Importer(815301076,1909f56bfc062723c751e8b465ee728b)
Start importing Assets/Image/Cycle paddel.png using Guid(65aa4e5f4bc499b429fa4b747a2e1ebc) Importer(815301076,1909f56bfc062723c751e8b465ee728b)  -> (artifact id: '8113f50eaffbb519280a2711f69640d0') in 0.040416 seconds 
========================================================================
Received Import Request.
  Time since last request: 10.810048 seconds.
  path: Assets/Image/Cycle paddel.png
  artifactKey: Guid(65aa4e5f4bc499b429fa4b747a2e1ebc) Importer(815301076,1909f56bfc062723c751e8b465ee728b)
Start importing Assets/Image/Cycle paddel.png using Guid(65aa4e5f4bc499b429fa4b747a2e1ebc) Importer(815301076,1909f56bfc062723c751e8b465ee728b)  -> (artifact id: 'bde709afebce24a3612246fbea5a56c5') in 0.024837 seconds 
========================================================================
Received Import Request.
  Time since last request: 2687.615426 seconds.
  path: Assets/Image/shield button.png
  artifactKey: Guid(78e5ed3f14321894ba8ae1d92d3c5608) Importer(815301076,1909f56bfc062723c751e8b465ee728b)
Start importing Assets/Image/shield button.png using Guid(78e5ed3f14321894ba8ae1d92d3c5608) Importer(815301076,1909f56bfc062723c751e8b465ee728b)  -> (artifact id: 'd62bd7f797965b05e14d6bfc85498029') in 0.052094 seconds 
========================================================================
Received Import Request.
  Time since last request: 40.983564 seconds.
  path: Assets/Image/Pass Through.png
  artifactKey: Guid(0c9a12e3a1014a4428256c52421f39a8) Importer(815301076,1909f56bfc062723c751e8b465ee728b)
Start importing Assets/Image/Pass Through.png using Guid(0c9a12e3a1014a4428256c52421f39a8) Importer(815301076,1909f56bfc062723c751e8b465ee728b)  -> (artifact id: '0dc51df15a70c5fbd7d61afd67f12472') in 0.032839 seconds 
========================================================================
Received Import Request.
  Time since last request: 9.050781 seconds.
  path: Assets/Image/Pass Through.png
  artifactKey: Guid(0c9a12e3a1014a4428256c52421f39a8) Importer(815301076,1909f56bfc062723c751e8b465ee728b)
Start importing Assets/Image/Pass Through.png using Guid(0c9a12e3a1014a4428256c52421f39a8) Importer(815301076,1909f56bfc062723c751e8b465ee728b)  -> (artifact id: 'e2a1001f1d74b001cc5d4cbf303f5993') in 0.034005 seconds 
========================================================================
Received Import Request.
  Time since last request: 0.000479 seconds.
  path: Assets/Image/shield button.png
  artifactKey: Guid(78e5ed3f14321894ba8ae1d92d3c5608) Importer(815301076,1909f56bfc062723c751e8b465ee728b)
Start importing Assets/Image/shield button.png using Guid(78e5ed3f14321894ba8ae1d92d3c5608) Importer(815301076,1909f56bfc062723c751e8b465ee728b)  -> (artifact id: '876ccfc9b1b1c3d4c30d7ca7672f8845') in 0.033201 seconds 
========================================================================
Received Prepare
Registering precompiled user dll's ...
Registered in 0.008421 seconds.
Begin MonoManager ReloadAssembly
Symbol file LoadedFromMemory doesn't match image C:\Users\koush\OneDrive\Desktop\onlinestoge\runing_game\RunningGame\Library\PackageCache\com.unity.visualscripting@1.6.1\Editor\VisualScripting.Core\Dependencies\YamlDotNet\Unity.VisualScripting.YamlDotNet.dll
Symbol file LoadedFromMemory doesn't match image C:\Users\koush\OneDrive\Desktop\onlinestoge\runing_game\RunningGame\Library\PackageCache\com.unity.visualscripting@1.6.1\Editor\VisualScripting.Core\Dependencies\DotNetZip\Unity.VisualScripting.IonicZip.dll
Native extension for WindowsStandalone target not found
Refreshing native plugins compatible for Editor in 0.89 ms, found 3 plugins.
Preloading 0 native plugins for Editor in 0.00 ms.
Mono: successfully reloaded assembly
- Completed reload, in  1.309 seconds
Platform modules already initialized, skipping
Switching build target platform(19) subTarget(0) extendedPlatform(0) -> platform(13) subTarget(537395200) extendedPlatform(0)
Refreshing native plugins compatible for Editor in 0.80 ms, found 3 plugins.
Preloading 0 native plugins for Editor in 0.00 ms.
Unloading 3342 Unused Serialized files (Serialized files now loaded: 0)
System memory in use before: 154.8 MB.
System memory in use after: 155.0 MB.

Unloading 42 unused Assets to reduce memory usage. Loaded Objects now: 3935.
Total: 2.565300 ms (FindLiveObjects: 0.242400 ms CreateObjectMapping: 0.137000 ms MarkObjects: 2.137600 ms  DeleteObjects: 0.047400 ms)

AssetImportParameters requested are different than current active one (requested -> active):
  custom:graphics/normal-map-encoding: 01000000000000000000000000000000 -> 02000000000000000000000000000000
========================================================================
Received Prepare
Registering precompiled user dll's ...
Registered in 0.007136 seconds.
Begin MonoManager ReloadAssembly
Symbol file LoadedFromMemory doesn't match image C:\Users\koush\OneDrive\Desktop\onlinestoge\runing_game\RunningGame\Library\PackageCache\com.unity.visualscripting@1.6.1\Editor\VisualScripting.Core\Dependencies\YamlDotNet\Unity.VisualScripting.YamlDotNet.dll
Symbol file LoadedFromMemory doesn't match image C:\Users\koush\OneDrive\Desktop\onlinestoge\runing_game\RunningGame\Library\PackageCache\com.unity.visualscripting@1.6.1\Editor\VisualScripting.Core\Dependencies\DotNetZip\Unity.VisualScripting.IonicZip.dll
Native extension for WindowsStandalone target not found
Refreshing native plugins compatible for Editor in 0.88 ms, found 3 plugins.
Preloading 0 native plugins for Editor in 0.00 ms.
Mono: successfully reloaded assembly
- Completed reload, in  1.244 seconds
Platform modules already initialized, skipping
Switching build target platform(19) subTarget(0) extendedPlatform(0) -> platform(13) subTarget(537395200) extendedPlatform(0)
Refreshing native plugins compatible for Editor in 0.80 ms, found 3 plugins.
Preloading 0 native plugins for Editor in 0.00 ms.
Unloading 3339 Unused Serialized files (Serialized files now loaded: 0)
System memory in use before: 154.7 MB.
System memory in use after: 154.9 MB.

Unloading 42 unused Assets to reduce memory usage. Loaded Objects now: 3937.
Total: 2.561800 ms (FindLiveObjects: 0.241300 ms CreateObjectMapping: 0.130400 ms MarkObjects: 2.143400 ms  DeleteObjects: 0.046000 ms)

AssetImportParameters requested are different than current active one (requested -> active):
  custom:graphics/normal-map-encoding: 01000000000000000000000000000000 -> 02000000000000000000000000000000
========================================================================
Received Import Request.
  Time since last request: 761.958570 seconds.
  path: Assets/Scenes/Start menu.unity
  artifactKey: Guid(ce69acf322a31fc459bc52e647c80301) Importer(815301076,1909f56bfc062723c751e8b465ee728b)
Start importing Assets/Scenes/Start menu.unity using Guid(ce69acf322a31fc459bc52e647c80301) Importer(815301076,1909f56bfc062723c751e8b465ee728b)  -> (artifact id: 'e9e8dcb333a05ab38247c0ac5740997c') in 0.046493 seconds 
========================================================================
Received Import Request.
  Time since last request: 2.918518 seconds.
  path: Assets/Scenes/GameMode.unity
  artifactKey: Guid(9fc0d4010bbf28b4594072e72b8655ab) Importer(815301076,1909f56bfc062723c751e8b465ee728b)
Start importing Assets/Scenes/GameMode.unity using Guid(9fc0d4010bbf28b4594072e72b8655ab) Importer(815301076,1909f56bfc062723c751e8b465ee728b)  -> (artifact id: 'cba02fde710c0434bbdae7062bec4e03') in 0.004142 seconds 
========================================================================
Received Import Request.
  Time since last request: 3522.701159 seconds.
  path: Assets/Image/Pass Through.png
  artifactKey: Guid(0c9a12e3a1014a4428256c52421f39a8) Importer(815301076,1909f56bfc062723c751e8b465ee728b)
Start importing Assets/Image/Pass Through.png using Guid(0c9a12e3a1014a4428256c52421f39a8) Importer(815301076,1909f56bfc062723c751e8b465ee728b)  -> (artifact id: 'a8989cbad42a2404e5866e71f1bf4e04') in 0.071623 seconds 
========================================================================
Received Import Request.
  Time since last request: 0.000215 seconds.
  path: Assets/Image/shield button.png
  artifactKey: Guid(78e5ed3f14321894ba8ae1d92d3c5608) Importer(815301076,1909f56bfc062723c751e8b465ee728b)
Start importing Assets/Image/shield button.png using Guid(78e5ed3f14321894ba8ae1d92d3c5608) Importer(815301076,1909f56bfc062723c751e8b465ee728b)  -> (artifact id: '8accd3c96deaa024139fe80fa7e04402') in 0.018595 seconds 
========================================================================
Received Import Request.
  Time since last request: 1103.752826 seconds.
  path: Assets/Scenes/GameManger.unity
  artifactKey: Guid(6ca96b7ed5f02f643a80bf91f0b024e0) Importer(815301076,1909f56bfc062723c751e8b465ee728b)
Start importing Assets/Scenes/GameManger.unity using Guid(6ca96b7ed5f02f643a80bf91f0b024e0) Importer(815301076,1909f56bfc062723c751e8b465ee728b)  -> (artifact id: '63bee7cbb721102dbdbbd0aba94d69c2') in 0.004568 seconds 
========================================================================
Received Import Request.
  Time since last request: 27.682875 seconds.
  path: Assets/Scenes/Modes.unity
  artifactKey: Guid(a494b93774fca6243b81403d40e238c5) Importer(815301076,1909f56bfc062723c751e8b465ee728b)
Start importing Assets/Scenes/Modes.unity using Guid(a494b93774fca6243b81403d40e238c5) Importer(815301076,1909f56bfc062723c751e8b465ee728b)  -> (artifact id: '539f2d90b05b2ec9da46148c6319aba9') in 0.003684 seconds 
========================================================================
Received Import Request.
  Time since last request: 2.316147 seconds.
  path: Assets/Scenes/GameMode.unity
  artifactKey: Guid(9fc0d4010bbf28b4594072e72b8655ab) Importer(815301076,1909f56bfc062723c751e8b465ee728b)
Start importing Assets/Scenes/GameMode.unity using Guid(9fc0d4010bbf28b4594072e72b8655ab) Importer(815301076,1909f56bfc062723c751e8b465ee728b)  -> (artifact id: '94f32b2f4794ab0ea73858cc16e4ae6c') in 0.003115 seconds 
AssetImportWorkerClient::OnTransportError - code=2 error=End of file
